[INFO] Scanning for projects...
[INFO] 
[INFO] ------------------------------------------------------------------------
[INFO] Building bootstrap-weld3 2.2-SNAPSHOT
[INFO] ------------------------------------------------------------------------
[INFO] 
[INFO] --- maven-dependency-plugin:2.8:tree (default-cli) @ bootstrap-weld3 ---
[INFO] ws.ament.hammock:bootstrap-weld3:jar:2.2-SNAPSHOT
[INFO] +- org.jboss.logging:jboss-logging:jar:3.3.1.Final:compile
[INFO] +- javax.servlet:javax.servlet-api:jar:3.1.0:provided
[INFO] +- javax.enterprise:cdi-api:jar:2.0:compile
[INFO] |  +- javax.el:javax.el-api:jar:3.0.0:compile
[INFO] |  +- javax.interceptor:javax.interceptor-api:jar:1.2:compile
[INFO] |  \- javax.inject:javax.inject:jar:1:compile
[INFO] +- org.jboss.weld.se:weld-se-core:jar:3.0.3.Final:compile
[INFO] |  +- org.jboss.weld.environment:weld-environment-common:jar:3.0.3.Final:compile
[INFO] |  |  \- org.jboss.weld:weld-core-impl:jar:3.0.3.Final:compile
[INFO] |  |     +- javax.annotation:javax.annotation-api:jar:1.3.1:compile
[INFO] |  |     \- org.jboss.spec.javax.interceptor:jboss-interceptors-api_1.2_spec:jar:1.0.0.Final:compile
[INFO] |  +- org.jboss.weld.probe:weld-probe-core:jar:3.0.3.Final:compile
[INFO] |  \- org.jboss.classfilewriter:jboss-classfilewriter:jar:1.2.1.Final:compile
[INFO] +- org.jboss.weld.servlet:weld-servlet-core:jar:3.0.3.Final:compile
[INFO] |  +- org.jboss.weld:weld-spi:jar:3.0.SP2:compile
[INFO] |  |  \- org.jboss.weld:weld-api:jar:3.0.SP2:compile
[INFO] |  +- org.jboss.weld.module:weld-jsf:jar:3.0.3.Final:compile
[INFO] |  +- org.jboss.weld.module:weld-web:jar:3.0.3.Final:compile
[INFO] |  \- org.jboss.spec.javax.el:jboss-el-api_3.0_spec:jar:1.0.7.Final:compile
[INFO] +- org.eclipse.persistence:javax.persistence:jar:2.1.1:compile
[INFO] +- org.jboss.arquillian.junit:arquillian-junit-container:jar:1.2.0.Final:test
[INFO] |  +- org.jboss.arquillian.junit:arquillian-junit-core:jar:1.2.0.Final:test
[INFO] |  +- org.jboss.arquillian.test:arquillian-test-api:jar:1.2.0.Final:test
[INFO] |  |  \- org.jboss.arquillian.core:arquillian-core-api:jar:1.2.0.Final:test
[INFO] |  +- org.jboss.arquillian.test:arquillian-test-spi:jar:1.2.0.Final:test
[INFO] |  |  \- org.jboss.arquillian.core:arquillian-core-spi:jar:1.2.0.Final:test
[INFO] |  +- org.jboss.arquillian.container:arquillian-container-test-api:jar:1.2.0.Final:test
[INFO] |  |  \- org.jboss.shrinkwrap:shrinkwrap-api:jar:1.2.6:test
[INFO] |  +- org.jboss.arquillian.container:arquillian-container-test-spi:jar:1.2.0.Final:test
[INFO] |  +- org.jboss.arquillian.core:arquillian-core-impl-base:jar:1.2.0.Final:test
[INFO] |  +- org.jboss.arquillian.test:arquillian-test-impl-base:jar:1.2.0.Final:test
[INFO] |  +- org.jboss.arquillian.container:arquillian-container-impl-base:jar:1.2.0.Final:test
[INFO] |  |  +- org.jboss.arquillian.config:arquillian-config-api:jar:1.2.0.Final:test
[INFO] |  |  +- org.jboss.arquillian.config:arquillian-config-impl-base:jar:1.2.0.Final:test
[INFO] |  |  \- org.jboss.shrinkwrap.descriptors:shrinkwrap-descriptors-spi:jar:2.0.0:test
[INFO] |  +- org.jboss.arquillian.container:arquillian-container-test-impl-base:jar:1.2.0.Final:test
[INFO] |  \- org.jboss.shrinkwrap:shrinkwrap-impl-base:jar:1.2.6:test
[INFO] |     \- org.jboss.shrinkwrap:shrinkwrap-spi:jar:1.2.6:test
[INFO] +- org.jboss.arquillian.container:arquillian-weld-embedded:jar:2.0.0.Final:test
[INFO] |  +- org.jboss.arquillian.container:arquillian-container-spi:jar:1.2.0.Final:test
[INFO] |  |  \- org.jboss.shrinkwrap.descriptors:shrinkwrap-descriptors-api-base:jar:2.0.0:test
[INFO] |  \- org.jboss.arquillian.testenricher:arquillian-testenricher-cdi:jar:1.2.0.Final:test
[INFO] +- junit:junit:jar:4.12:test
[INFO] |  \- org.hamcrest:hamcrest-core:jar:1.3:test
[INFO] +- org.assertj:assertj-core:jar:3.8.0:test
[INFO] \- ws.ament.hammock:hammock-core:jar:2.2-SNAPSHOT:compile
[INFO]    +- org.apache.geronimo.config:geronimo-config-impl:jar:1.1:compile
[INFO]    +- org.eclipse.microprofile.config:microprofile-config-api:jar:1.2:compile
[INFO]    |  \- org.osgi:org.osgi.annotation.versioning:jar:1.0.0:compile
[INFO]    +- org.apache.logging.log4j:log4j-slf4j-impl:jar:2.10.0:compile
[INFO]    |  +- org.slf4j:slf4j-api:jar:1.7.25:compile
[INFO]    |  \- org.apache.logging.log4j:log4j-api:jar:2.10.0:compile
[INFO]    +- org.apache.logging.log4j:log4j-core:jar:2.10.0:compile
[INFO]    \- org.apache.logging.log4j:log4j-jul:jar:2.10.0:compile
[INFO] ------------------------------------------------------------------------
[INFO] BUILD SUCCESS
[INFO] ------------------------------------------------------------------------
[INFO] Total time: 1.210 s
[INFO] Finished at: 2018-03-25T19:55:58-04:00
[INFO] Final Memory: 16M/309M
[INFO] ------------------------------------------------------------------------
